  [1m[36m (4.9ms)[0m  [1mCREATE TABLE "schema_migrations" ("version" character varying NOT NULL) [0m
  [1m[35m (1.8ms)[0m  CREATE UNIQUE INDEX  "unique_schema_migrations" ON "schema_migrations"  ("version")
  [1m[36mActiveRecord::SchemaMigration Load (0.3ms)[0m  [1mSELECT "schema_migrations".* FROM "schema_migrations"[0m
Migrating to CreateHomes (20190227170805)
  [1m[35m (0.2ms)[0m  BEGIN
  [1m[36m (3.6ms)[0m  [1mCREATE TABLE "homes" ("id" serial primary key, "created_at" timestamp NOT NULL, "updated_at" timestamp NOT NULL) [0m
  [1m[35mSQL (0.3ms)[0m  INSERT INTO "schema_migrations" ("version") VALUES ($1)  [["version", "20190227170805"]]
  [1m[36m (0.6ms)[0m  [1mCOMMIT[0m
Migrating to CreateUsers (20190228155720)
  [1m[35m (0.2ms)[0m  BEGIN
  [1m[36m (4.5ms)[0m  [1mCREATE TABLE "users" ("id" serial primary key, "email" character varying, "password_digest" character varying, "created_at" timestamp NOT NULL, "updated_at" timestamp NOT NULL) [0m
  [1m[35mSQL (0.8ms)[0m  INSERT INTO "schema_migrations" ("version") VALUES ($1)  [["version", "20190228155720"]]
  [1m[36m (0.8ms)[0m  [1mCOMMIT[0m
Migrating to AddAuthTokenToUsers (20190304122804)
  [1m[35m (0.2ms)[0m  BEGIN
  [1m[36m (0.4ms)[0m  [1mALTER TABLE "users" ADD "auth_token" character varying[0m
  [1m[35mSQL (0.2ms)[0m  INSERT INTO "schema_migrations" ("version") VALUES ($1)  [["version", "20190304122804"]]
  [1m[36m (0.5ms)[0m  [1mCOMMIT[0m
Migrating to AddPasswordResetToUsers (20190304141337)
  [1m[35m (0.1ms)[0m  BEGIN
  [1m[36m (0.2ms)[0m  [1mALTER TABLE "users" ADD "password_reset_token" character varying[0m
  [1m[35m (0.2ms)[0m  ALTER TABLE "users" ADD "password_reset_sent_at" timestamp
  [1m[36mSQL (0.2ms)[0m  [1mINSERT INTO "schema_migrations" ("version") VALUES ($1)[0m  [["version", "20190304141337"]]
  [1m[35m (0.4ms)[0m  COMMIT
Migrating to CreatePermissions (20190310110955)
  [1m[36m (0.1ms)[0m  [1mBEGIN[0m
  [1m[35m (2.7ms)[0m  CREATE TABLE "permissions" ("id" serial primary key, "user_id" integer, "permcl_id" integer, "permcl_action_id" integer, "created_at" timestamp NOT NULL, "updated_at" timestamp NOT NULL) 
  [1m[36mSQL (0.2ms)[0m  [1mINSERT INTO "schema_migrations" ("version") VALUES ($1)[0m  [["version", "20190310110955"]]
  [1m[35m (0.5ms)[0m  COMMIT
Migrating to CreatePermclActions (20190310111735)
  [1m[36m (0.2ms)[0m  [1mBEGIN[0m
  [1m[35m (4.3ms)[0m  CREATE TABLE "permcl_actions" ("id" serial primary key, "title" character varying, "created_at" timestamp NOT NULL, "updated_at" timestamp NOT NULL) 
  [1m[36mSQL (0.2ms)[0m  [1mINSERT INTO "schema_migrations" ("version") VALUES ($1)[0m  [["version", "20190310111735"]]
  [1m[35m (0.6ms)[0m  COMMIT
Migrating to CreatePermcls (20190310112253)
  [1m[36m (0.2ms)[0m  [1mBEGIN[0m
  [1m[35m (4.0ms)[0m  CREATE TABLE "permcls" ("id" serial primary key, "systitle" character varying, "title" character varying, "created_at" timestamp NOT NULL, "updated_at" timestamp NOT NULL) 
  [1m[36mSQL (0.2ms)[0m  [1mINSERT INTO "schema_migrations" ("version") VALUES ($1)[0m  [["version", "20190310112253"]]
  [1m[35m (0.6ms)[0m  COMMIT
Migrating to AddColumnRoleToUsers (20190310114045)
  [1m[36m (0.2ms)[0m  [1mBEGIN[0m
  [1m[35m (0.3ms)[0m  ALTER TABLE "users" ADD "role" character varying
  [1m[36mSQL (0.3ms)[0m  [1mINSERT INTO "schema_migrations" ("version") VALUES ($1)[0m  [["version", "20190310114045"]]
  [1m[35m (0.6ms)[0m  COMMIT
  [1m[36mActiveRecord::SchemaMigration Load (0.3ms)[0m  [1mSELECT "schema_migrations".* FROM "schema_migrations"[0m
  [1m[35m (2.8ms)[0m  SELECT t2.oid::regclass::text AS to_table, a1.attname AS column, a2.attname AS primary_key, c.conname AS name, c.confupdtype AS on_update, c.confdeltype AS on_delete
FROM pg_constraint c
JOIN pg_class t1 ON c.conrelid = t1.oid
JOIN pg_class t2 ON c.confrelid = t2.oid
JOIN pg_attribute a1 ON a1.attnum = c.conkey[1] AND a1.attrelid = t1.oid
JOIN pg_attribute a2 ON a2.attnum = c.confkey[1] AND a2.attrelid = t2.oid
JOIN pg_namespace t3 ON c.connamespace = t3.oid
WHERE c.contype = 'f'
  AND t1.relname = 'homes'
  AND t3.nspname = ANY (current_schemas(false))
ORDER BY c.conname

  [1m[36m (2.4ms)[0m  [1mSELECT t2.oid::regclass::text AS to_table, a1.attname AS column, a2.attname AS primary_key, c.conname AS name, c.confupdtype AS on_update, c.confdeltype AS on_delete
FROM pg_constraint c
JOIN pg_class t1 ON c.conrelid = t1.oid
JOIN pg_class t2 ON c.confrelid = t2.oid
JOIN pg_attribute a1 ON a1.attnum = c.conkey[1] AND a1.attrelid = t1.oid
JOIN pg_attribute a2 ON a2.attnum = c.confkey[1] AND a2.attrelid = t2.oid
JOIN pg_namespace t3 ON c.connamespace = t3.oid
WHERE c.contype = 'f'
  AND t1.relname = 'permcl_actions'
  AND t3.nspname = ANY (current_schemas(false))
ORDER BY c.conname
[0m
  [1m[35m (2.4ms)[0m  SELECT t2.oid::regclass::text AS to_table, a1.attname AS column, a2.attname AS primary_key, c.conname AS name, c.confupdtype AS on_update, c.confdeltype AS on_delete
FROM pg_constraint c
JOIN pg_class t1 ON c.conrelid = t1.oid
JOIN pg_class t2 ON c.confrelid = t2.oid
JOIN pg_attribute a1 ON a1.attnum = c.conkey[1] AND a1.attrelid = t1.oid
JOIN pg_attribute a2 ON a2.attnum = c.confkey[1] AND a2.attrelid = t2.oid
JOIN pg_namespace t3 ON c.connamespace = t3.oid
WHERE c.contype = 'f'
  AND t1.relname = 'permcls'
  AND t3.nspname = ANY (current_schemas(false))
ORDER BY c.conname

  [1m[36m (2.5ms)[0m  [1mSELECT t2.oid::regclass::text AS to_table, a1.attname AS column, a2.attname AS primary_key, c.conname AS name, c.confupdtype AS on_update, c.confdeltype AS on_delete
FROM pg_constraint c
JOIN pg_class t1 ON c.conrelid = t1.oid
JOIN pg_class t2 ON c.confrelid = t2.oid
JOIN pg_attribute a1 ON a1.attnum = c.conkey[1] AND a1.attrelid = t1.oid
JOIN pg_attribute a2 ON a2.attnum = c.confkey[1] AND a2.attrelid = t2.oid
JOIN pg_namespace t3 ON c.connamespace = t3.oid
WHERE c.contype = 'f'
  AND t1.relname = 'permissions'
  AND t3.nspname = ANY (current_schemas(false))
ORDER BY c.conname
[0m
  [1m[35m (2.6ms)[0m  SELECT t2.oid::regclass::text AS to_table, a1.attname AS column, a2.attname AS primary_key, c.conname AS name, c.confupdtype AS on_update, c.confdeltype AS on_delete
FROM pg_constraint c
JOIN pg_class t1 ON c.conrelid = t1.oid
JOIN pg_class t2 ON c.confrelid = t2.oid
JOIN pg_attribute a1 ON a1.attnum = c.conkey[1] AND a1.attrelid = t1.oid
JOIN pg_attribute a2 ON a2.attnum = c.confkey[1] AND a2.attrelid = t2.oid
JOIN pg_namespace t3 ON c.connamespace = t3.oid
WHERE c.contype = 'f'
  AND t1.relname = 'users'
  AND t3.nspname = ANY (current_schemas(false))
ORDER BY c.conname

DEPRECATION WARNING: You didn't set `secret_key_base`. Read the upgrade documentation to learn more about this new config option. (called from service at /home/deploy/.rvm/rubies/ruby-2.4.4/lib/ruby/2.4.0/webrick/httpserver.rb:140)
DEPRECATION WARNING: You didn't set `secret_key_base`. Read the upgrade documentation to learn more about this new config option. (called from service at /home/deploy/.rvm/rubies/ruby-2.4.4/lib/ruby/2.4.0/webrick/httpserver.rb:140)


Started GET "/" for 91.246.94.128 at 2019-04-13 13:38:19 +0000
Cannot render console from 91.246.94.128! Allowed networks: 127.0.0.1, ::1, 127.0.0.0/127.255.255.255
  [1m[36mActiveRecord::SchemaMigration Load (0.4ms)[0m  [1mSELECT "schema_migrations".* FROM "schema_migrations"[0m
Processing by HomesController#index as HTML
Redirected to http://68.183.166.25:3000/login
Filter chain halted as :authorize rendered or redirected
Completed 302 Found in 13ms (ActiveRecord: 0.0ms)


Started GET "/login" for 91.246.94.128 at 2019-04-13 13:38:19 +0000
Cannot render console from 91.246.94.128! Allowed networks: 127.0.0.1, ::1, 127.0.0.0/127.255.255.255
Processing by SessionsController#new as HTML
  Rendered sessions/new.html.erb within layouts/application (5.7ms)
Completed 200 OK in 5033ms (Views: 5032.7ms | ActiveRecord: 0.0ms)


Started POST "/permissions/user_permissions.json" for 91.246.94.128 at 2019-04-13 13:38:30 +0000
Cannot render console from 91.246.94.128! Allowed networks: 127.0.0.1, ::1, 127.0.0.0/127.255.255.255

ActionController::RoutingError (No route matches [POST] "/permissions/user_permissions.json"):
  actionpack (4.2.8) lib/action_dispatch/middleware/debug_exceptions.rb:21:in `call'
  web-console (2.3.0) lib/web_console/middleware.rb:20:in `block in call'
  web-console (2.3.0) lib/web_console/middleware.rb:18:in `catch'
  web-console (2.3.0) lib/web_console/middleware.rb:18:in `call'
  actionpack (4.2.8) lib/action_dispatch/middleware/show_exceptions.rb:30:in `call'
  railties (4.2.8) lib/rails/rack/logger.rb:38:in `call_app'
  railties (4.2.8) lib/rails/rack/logger.rb:20:in `block in call'
  activesupport (4.2.8) lib/active_support/tagged_logging.rb:68:in `block in tagged'
  activesupport (4.2.8) lib/active_support/tagged_logging.rb:26:in `tagged'
  activesupport (4.2.8) lib/active_support/tagged_logging.rb:68:in `tagged'
  railties (4.2.8) lib/rails/rack/logger.rb:20:in `call'
  quiet_assets (1.1.0) lib/quiet_assets.rb:27:in `call_with_quiet_assets'
  actionpack (4.2.8) lib/action_dispatch/middleware/request_id.rb:21:in `call'
  rack (1.6.11) lib/rack/methodoverride.rb:22:in `call'
  rack (1.6.11) lib/rack/runtime.rb:18:in `call'
  activesupport (4.2.8) lib/active_support/cache/strategy/local_cache_middleware.rb:28:in `call'
  rack (1.6.11) lib/rack/lock.rb:17:in `call'
  actionpack (4.2.8) lib/action_dispatch/middleware/static.rb:120:in `call'
  rack (1.6.11) lib/rack/sendfile.rb:113:in `call'
  railties (4.2.8) lib/rails/engine.rb:518:in `call'
  railties (4.2.8) lib/rails/application.rb:165:in `call'
  rack (1.6.11) lib/rack/lock.rb:17:in `call'
  rack (1.6.11) lib/rack/content_length.rb:15:in `call'
  rack (1.6.11) lib/rack/handler/webrick.rb:88:in `service'
  /home/deploy/.rvm/rubies/ruby-2.4.4/lib/ruby/2.4.0/webrick/httpserver.rb:140:in `service'
  /home/deploy/.rvm/rubies/ruby-2.4.4/lib/ruby/2.4.0/webrick/httpserver.rb:96:in `run'
  /home/deploy/.rvm/rubies/ruby-2.4.4/lib/ruby/2.4.0/webrick/server.rb:308:in `block in start_thread'


  Rendered /home/deploy/.rvm/gems/ruby-2.4.4/gems/actionpack-4.2.8/lib/action_dispatch/middleware/templates/rescues/_trace.text.erb (0.8ms)
  Rendered /home/deploy/.rvm/gems/ruby-2.4.4/gems/actionpack-4.2.8/lib/action_dispatch/middleware/templates/rescues/routing_error.text.erb (7.3ms)


Started GET "/" for 91.246.94.128 at 2019-04-13 14:44:39 +0000
Cannot render console from 91.246.94.128! Allowed networks: 127.0.0.1, ::1, 127.0.0.0/127.255.255.255
  [1m[36mActiveRecord::SchemaMigration Load (1.1ms)[0m  [1mSELECT "schema_migrations".* FROM "schema_migrations"[0m
Processing by HomesController#index as HTML
Redirected to http://68.183.166.25:3000/login
Filter chain halted as :authorize rendered or redirected
Completed 302 Found in 11ms (ActiveRecord: 0.0ms)


Started GET "/login" for 91.246.94.128 at 2019-04-13 14:44:39 +0000
Cannot render console from 91.246.94.128! Allowed networks: 127.0.0.1, ::1, 127.0.0.0/127.255.255.255
Processing by SessionsController#new as HTML
  Rendered sessions/new.html.erb within layouts/application (3.5ms)
Completed 200 OK in 758ms (Views: 757.9ms | ActiveRecord: 0.0ms)


Started POST "/permissions/user_permissions.json" for 91.246.94.128 at 2019-04-13 14:44:41 +0000
Cannot render console from 91.246.94.128! Allowed networks: 127.0.0.1, ::1, 127.0.0.0/127.255.255.255

ActionController::RoutingError (No route matches [POST] "/permissions/user_permissions.json"):
  actionpack (4.2.8) lib/action_dispatch/middleware/debug_exceptions.rb:21:in `call'
  web-console (2.3.0) lib/web_console/middleware.rb:20:in `block in call'
  web-console (2.3.0) lib/web_console/middleware.rb:18:in `catch'
  web-console (2.3.0) lib/web_console/middleware.rb:18:in `call'
  actionpack (4.2.8) lib/action_dispatch/middleware/show_exceptions.rb:30:in `call'
  railties (4.2.8) lib/rails/rack/logger.rb:38:in `call_app'
  railties (4.2.8) lib/rails/rack/logger.rb:20:in `block in call'
  activesupport (4.2.8) lib/active_support/tagged_logging.rb:68:in `block in tagged'
  activesupport (4.2.8) lib/active_support/tagged_logging.rb:26:in `tagged'
  activesupport (4.2.8) lib/active_support/tagged_logging.rb:68:in `tagged'
  railties (4.2.8) lib/rails/rack/logger.rb:20:in `call'
  quiet_assets (1.1.0) lib/quiet_assets.rb:27:in `call_with_quiet_assets'
  actionpack (4.2.8) lib/action_dispatch/middleware/request_id.rb:21:in `call'
  rack (1.6.11) lib/rack/methodoverride.rb:22:in `call'
  rack (1.6.11) lib/rack/runtime.rb:18:in `call'
  activesupport (4.2.8) lib/active_support/cache/strategy/local_cache_middleware.rb:28:in `call'
  rack (1.6.11) lib/rack/lock.rb:17:in `call'
  actionpack (4.2.8) lib/action_dispatch/middleware/static.rb:120:in `call'
  rack (1.6.11) lib/rack/sendfile.rb:113:in `call'
  railties (4.2.8) lib/rails/engine.rb:518:in `call'
  railties (4.2.8) lib/rails/application.rb:165:in `call'
  rack (1.6.11) lib/rack/lock.rb:17:in `call'
  rack (1.6.11) lib/rack/content_length.rb:15:in `call'
  rack (1.6.11) lib/rack/handler/webrick.rb:88:in `service'
  /home/deploy/.rvm/rubies/ruby-2.4.4/lib/ruby/2.4.0/webrick/httpserver.rb:140:in `service'
  /home/deploy/.rvm/rubies/ruby-2.4.4/lib/ruby/2.4.0/webrick/httpserver.rb:96:in `run'
  /home/deploy/.rvm/rubies/ruby-2.4.4/lib/ruby/2.4.0/webrick/server.rb:308:in `block in start_thread'


  Rendered /home/deploy/.rvm/gems/ruby-2.4.4/gems/actionpack-4.2.8/lib/action_dispatch/middleware/templates/rescues/_trace.text.erb (0.9ms)
  Rendered /home/deploy/.rvm/gems/ruby-2.4.4/gems/actionpack-4.2.8/lib/action_dispatch/middleware/templates/rescues/routing_error.text.erb (7.2ms)


Started GET "/signup" for 91.246.94.128 at 2019-04-13 14:45:17 +0000
Cannot render console from 91.246.94.128! Allowed networks: 127.0.0.1, ::1, 127.0.0.0/127.255.255.255
Processing by UsersController#newuser as HTML
  Rendered users/newuser.html.erb within layouts/application (52.4ms)
Completed 200 OK in 241ms (Views: 212.8ms | ActiveRecord: 8.3ms)


Started POST "/permissions/user_permissions.json" for 91.246.94.128 at 2019-04-13 14:45:17 +0000
Cannot render console from 91.246.94.128! Allowed networks: 127.0.0.1, ::1, 127.0.0.0/127.255.255.255

ActionController::RoutingError (No route matches [POST] "/permissions/user_permissions.json"):
  actionpack (4.2.8) lib/action_dispatch/middleware/debug_exceptions.rb:21:in `call'
  web-console (2.3.0) lib/web_console/middleware.rb:20:in `block in call'
  web-console (2.3.0) lib/web_console/middleware.rb:18:in `catch'
  web-console (2.3.0) lib/web_console/middleware.rb:18:in `call'
  actionpack (4.2.8) lib/action_dispatch/middleware/show_exceptions.rb:30:in `call'
  railties (4.2.8) lib/rails/rack/logger.rb:38:in `call_app'
  railties (4.2.8) lib/rails/rack/logger.rb:20:in `block in call'
  activesupport (4.2.8) lib/active_support/tagged_logging.rb:68:in `block in tagged'
  activesupport (4.2.8) lib/active_support/tagged_logging.rb:26:in `tagged'
  activesupport (4.2.8) lib/active_support/tagged_logging.rb:68:in `tagged'
  railties (4.2.8) lib/rails/rack/logger.rb:20:in `call'
  quiet_assets (1.1.0) lib/quiet_assets.rb:27:in `call_with_quiet_assets'
  actionpack (4.2.8) lib/action_dispatch/middleware/request_id.rb:21:in `call'
  rack (1.6.11) lib/rack/methodoverride.rb:22:in `call'
  rack (1.6.11) lib/rack/runtime.rb:18:in `call'
  activesupport (4.2.8) lib/active_support/cache/strategy/local_cache_middleware.rb:28:in `call'
  rack (1.6.11) lib/rack/lock.rb:17:in `call'
  actionpack (4.2.8) lib/action_dispatch/middleware/static.rb:120:in `call'
  rack (1.6.11) lib/rack/sendfile.rb:113:in `call'
  railties (4.2.8) lib/rails/engine.rb:518:in `call'
  railties (4.2.8) lib/rails/application.rb:165:in `call'
  rack (1.6.11) lib/rack/lock.rb:17:in `call'
  rack (1.6.11) lib/rack/content_length.rb:15:in `call'
  rack (1.6.11) lib/rack/handler/webrick.rb:88:in `service'
  /home/deploy/.rvm/rubies/ruby-2.4.4/lib/ruby/2.4.0/webrick/httpserver.rb:140:in `service'
  /home/deploy/.rvm/rubies/ruby-2.4.4/lib/ruby/2.4.0/webrick/httpserver.rb:96:in `run'
  /home/deploy/.rvm/rubies/ruby-2.4.4/lib/ruby/2.4.0/webrick/server.rb:308:in `block in start_thread'


  Rendered /home/deploy/.rvm/gems/ruby-2.4.4/gems/actionpack-4.2.8/lib/action_dispatch/middleware/templates/rescues/_trace.text.erb (0.7ms)
  Rendered /home/deploy/.rvm/gems/ruby-2.4.4/gems/actionpack-4.2.8/lib/action_dispatch/middleware/templates/rescues/routing_error.text.erb (6.1ms)


Started GET "/" for 91.246.94.128 at 2019-04-13 14:45:29 +0000
Cannot render console from 91.246.94.128! Allowed networks: 127.0.0.1, ::1, 127.0.0.0/127.255.255.255
Processing by HomesController#index as HTML
Redirected to http://68.183.166.25:3000/login
Filter chain halted as :authorize rendered or redirected
Completed 302 Found in 1ms (ActiveRecord: 0.0ms)


Started GET "/login" for 91.246.94.128 at 2019-04-13 14:45:30 +0000
Cannot render console from 91.246.94.128! Allowed networks: 127.0.0.1, ::1, 127.0.0.0/127.255.255.255
Processing by SessionsController#new as HTML
  Rendered sessions/new.html.erb within layouts/application (1.1ms)
Completed 200 OK in 165ms (Views: 164.5ms | ActiveRecord: 0.0ms)


Started POST "/permissions/user_permissions.json" for 91.246.94.128 at 2019-04-13 14:45:30 +0000
Cannot render console from 91.246.94.128! Allowed networks: 127.0.0.1, ::1, 127.0.0.0/127.255.255.255

ActionController::RoutingError (No route matches [POST] "/permissions/user_permissions.json"):
  actionpack (4.2.8) lib/action_dispatch/middleware/debug_exceptions.rb:21:in `call'
  web-console (2.3.0) lib/web_console/middleware.rb:20:in `block in call'
  web-console (2.3.0) lib/web_console/middleware.rb:18:in `catch'
  web-console (2.3.0) lib/web_console/middleware.rb:18:in `call'
  actionpack (4.2.8) lib/action_dispatch/middleware/show_exceptions.rb:30:in `call'
  railties (4.2.8) lib/rails/rack/logger.rb:38:in `call_app'
  railties (4.2.8) lib/rails/rack/logger.rb:20:in `block in call'
  activesupport (4.2.8) lib/active_support/tagged_logging.rb:68:in `block in tagged'
  activesupport (4.2.8) lib/active_support/tagged_logging.rb:26:in `tagged'
  activesupport (4.2.8) lib/active_support/tagged_logging.rb:68:in `tagged'
  railties (4.2.8) lib/rails/rack/logger.rb:20:in `call'
  quiet_assets (1.1.0) lib/quiet_assets.rb:27:in `call_with_quiet_assets'
  actionpack (4.2.8) lib/action_dispatch/middleware/request_id.rb:21:in `call'
  rack (1.6.11) lib/rack/methodoverride.rb:22:in `call'
  rack (1.6.11) lib/rack/runtime.rb:18:in `call'
  activesupport (4.2.8) lib/active_support/cache/strategy/local_cache_middleware.rb:28:in `call'
  rack (1.6.11) lib/rack/lock.rb:17:in `call'
  actionpack (4.2.8) lib/action_dispatch/middleware/static.rb:120:in `call'
  rack (1.6.11) lib/rack/sendfile.rb:113:in `call'
  railties (4.2.8) lib/rails/engine.rb:518:in `call'
  railties (4.2.8) lib/rails/application.rb:165:in `call'
  rack (1.6.11) lib/rack/lock.rb:17:in `call'
  rack (1.6.11) lib/rack/content_length.rb:15:in `call'
  rack (1.6.11) lib/rack/handler/webrick.rb:88:in `service'
  /home/deploy/.rvm/rubies/ruby-2.4.4/lib/ruby/2.4.0/webrick/httpserver.rb:140:in `service'
  /home/deploy/.rvm/rubies/ruby-2.4.4/lib/ruby/2.4.0/webrick/httpserver.rb:96:in `run'
  /home/deploy/.rvm/rubies/ruby-2.4.4/lib/ruby/2.4.0/webrick/server.rb:308:in `block in start_thread'


  Rendered /home/deploy/.rvm/gems/ruby-2.4.4/gems/actionpack-4.2.8/lib/action_dispatch/middleware/templates/rescues/_trace.text.erb (0.5ms)
  Rendered /home/deploy/.rvm/gems/ruby-2.4.4/gems/actionpack-4.2.8/lib/action_dispatch/middleware/templates/rescues/routing_error.text.erb (5.5ms)
